<?xml version="1.0" encoding="UTF-8"?>
<!-- Generated by org.testng.reporters.JUnitReportReporter -->
<testsuite hostname="user-PC" name="tests.Guru99LoginTest" tests="1" failures="0" timestamp="21 Oct 2017 07:33:01 GMT" time="2.458" errors="0">
  <testcase name="verify_HomePage_Appears_Correct" time="2.458" classname="tests.Guru99LoginTest"/>
</testsuite> <!-- tests.Guru99LoginTest -->
