<?xml version="1.0" encoding="UTF-8"?>
<!-- Generated by org.testng.reporters.JUnitReportReporter -->
<testsuite hostname="user-PC" name="tests.Guru99LoginTest" tests="1" failures="0" timestamp="22 Oct 2017 04:35:30 GMT" time="3.225" errors="0">
  <testcase name="verify_HomePage_Appears_Correct" time="3.225" classname="tests.Guru99LoginTest"/>
</testsuite> <!-- tests.Guru99LoginTest -->
